Determining if the pthread_create exist failed with the following output:
Change Dir: /home/wnm03/kingfisher_ws/build/CMakeFiles/CMakeTmp

Run Build Command:"/usr/bin/make" "cmTryCompileExec3912461121/fast"
/usr/bin/make -f CMakeFiles/cmTryCompileExec3912461121.dir/build.make CMakeFiles/cmTryCompileExec3912461121.dir/build
make[1]: Entering directory `/home/wnm03/kingfisher_ws/build/CMakeFiles/CMakeTmp'
/usr/bin/cmake -E cmake_progress_report /home/wnm03/kingfisher_ws/build/CMakeFiles/CMakeTmp/CMakeFiles 1
Building C object CMakeFiles/cmTryCompileExec3912461121.dir/CheckSymbolExists.c.o
/usr/bin/cc    -o CMakeFiles/cmTryCompileExec3912461121.dir/CheckSymbolExists.c.o   -c /home/wnm03/kingfisher_ws/build/CMakeFiles/CMakeTmp/CheckSymbolExists.c
Linking C executable cmTryCompileExec3912461121
/usr/bin/cmake -E cmake_link_script CMakeFiles/cmTryCompileExec3912461121.dir/link.txt --verbose=1
/usr/bin/cc      CMakeFiles/cmTryCompileExec3912461121.dir/CheckSymbolExists.c.o  -o cmTryCompileExec3912461121 -rdynamic 
CMakeFiles/cmTryCompileExec3912461121.dir/CheckSymbolExists.c.o: In function `main':
CheckSymbolExists.c:(.text+0x16): undefined reference to `pthread_create'
collect2: error: ld returned 1 exit status
make[1]: *** [cmTryCompileExec3912461121] Error 1
make[1]: Leaving directory `/home/wnm03/kingfisher_ws/build/CMakeFiles/CMakeTmp'
make: *** [cmTryCompileExec3912461121/fast] Error 2

File /home/wnm03/kingfisher_ws/build/CMakeFiles/CMakeTmp/CheckSymbolExists.c:
/* */
#include <pthread.h>

int main(int argc, char** argv)
{
  (void)argv;
#ifndef pthread_create
  return ((int*)(&pthread_create))[argc];
#else
  (void)argc;
  return 0;
#endif
}

Determining if the function pthread_create exists in the pthreads failed with the following output:
Change Dir: /home/wnm03/kingfisher_ws/build/CMakeFiles/CMakeTmp

Run Build Command:"/usr/bin/make" "cmTryCompileExec1474352223/fast"
/usr/bin/make -f CMakeFiles/cmTryCompileExec1474352223.dir/build.make CMakeFiles/cmTryCompileExec1474352223.dir/build
make[1]: Entering directory `/home/wnm03/kingfisher_ws/build/CMakeFiles/CMakeTmp'
/usr/bin/cmake -E cmake_progress_report /home/wnm03/kingfisher_ws/build/CMakeFiles/CMakeTmp/CMakeFiles 1
Building C object CMakeFiles/cmTryCompileExec1474352223.dir/CheckFunctionExists.c.o
/usr/bin/cc   -DCHECK_FUNCTION_EXISTS=pthread_create   -o CMakeFiles/cmTryCompileExec1474352223.dir/CheckFunctionExists.c.o   -c /usr/share/cmake-3.1/Modules/CheckFunctionExists.c
Linking C executable cmTryCompileExec1474352223
/usr/bin/cmake -E cmake_link_script CMakeFiles/cmTryCompileExec1474352223.dir/link.txt --verbose=1
/usr/bin/cc   -DCHECK_FUNCTION_EXISTS=pthread_create   CMakeFiles/cmTryCompileExec1474352223.dir/CheckFunctionExists.c.o  -o cmTryCompileExec1474352223 -rdynamic -lpthreads 
/usr/bin/ld: cannot find -lpthreads
collect2: error: ld returned 1 exit status
make[1]: *** [cmTryCompileExec1474352223] Error 1
make[1]: Leaving directory `/home/wnm03/kingfisher_ws/build/CMakeFiles/CMakeTmp'
make: *** [cmTryCompileExec1474352223/fast] Error 2


